2021/10/15 15:22:41 Broker max uid: 5650588
2021/10/15 15:22:41 History max uid: 5505237
2021/10/15 15:22:41 Msgs to Sync: 145351
2021/10/15 15:22:41 Starting batch
2021/10/15 15:22:41 Processed 2000 rows, up to Uid: 5507237
2021/10/15 15:22:41 Msgs left to Sync: 143351
2021/10/15 15:22:41 Starting batch
2021/10/15 15:22:41 Processed 2000 rows, up to Uid: 5509237
2021/10/15 15:22:41 Msgs left to Sync: 141351
2021/10/15 15:22:41 Starting batch
2021/10/15 15:22:42 Processed 2000 rows, up to Uid: 5511237
2021/10/15 15:22:42 Msgs left to Sync: 139351
2021/10/15 15:22:42 Starting batch
2021/10/15 15:22:42 Processed 2000 rows, up to Uid: 5513237
2021/10/15 15:22:42 Msgs left to Sync: 137351
2021/10/15 15:22:42 Starting batch
2021/10/15 15:22:42 Processed 2000 rows, up to Uid: 5515237
2021/10/15 15:22:42 Msgs left to Sync: 135351
2021/10/15 15:22:42 Starting batch
2021/10/15 15:22:42 Processed 2000 rows, up to Uid: 5517237
2021/10/15 15:22:42 Msgs left to Sync: 133351
2021/10/15 15:22:42 Starting batch
2021/10/15 15:22:43 Processed 2000 rows, up to Uid: 5519237
2021/10/15 15:22:43 Msgs left to Sync: 131351
2021/10/15 15:22:43 Starting batch
2021/10/15 15:22:43 Processed 2000 rows, up to Uid: 5521237
2021/10/15 15:22:43 Msgs left to Sync: 129351
2021/10/15 15:22:43 Starting batch
2021/10/15 15:22:43 Processed 2000 rows, up to Uid: 5523237
2021/10/15 15:22:43 Msgs left to Sync: 127351
2021/10/15 15:22:43 Starting batch
2021/10/15 15:22:44 Processed 2000 rows, up to Uid: 5525237
2021/10/15 15:22:44 Msgs left to Sync: 125351
2021/10/15 15:22:44 Starting batch
2021/10/15 15:22:44 Processed 2000 rows, up to Uid: 5527237
2021/10/15 15:22:44 Msgs left to Sync: 123351
2021/10/15 15:22:44 Starting batch
2021/10/15 15:22:44 Processed 2000 rows, up to Uid: 5529237
2021/10/15 15:22:44 Msgs left to Sync: 121351
2021/10/15 15:22:44 Starting batch
2021/10/15 15:22:45 Processed 2000 rows, up to Uid: 5531237
2021/10/15 15:22:45 Msgs left to Sync: 119351
2021/10/15 15:22:45 Starting batch
2021/10/15 15:22:45 Processed 2000 rows, up to Uid: 5533237
2021/10/15 15:22:45 Msgs left to Sync: 117351
2021/10/15 15:22:45 Starting batch
2021/10/15 15:22:45 Processed 2000 rows, up to Uid: 5535237
2021/10/15 15:22:45 Msgs left to Sync: 115351
2021/10/15 15:22:45 Starting batch
2021/10/15 15:22:45 Processed 2000 rows, up to Uid: 5537237
2021/10/15 15:22:45 Msgs left to Sync: 113351
2021/10/15 15:22:45 Starting batch
2021/10/15 15:22:46 Processed 2000 rows, up to Uid: 5539237
2021/10/15 15:22:46 Msgs left to Sync: 111351
2021/10/15 15:22:46 Starting batch
2021/10/15 15:22:46 Processed 2000 rows, up to Uid: 5541237
2021/10/15 15:22:46 Msgs left to Sync: 109351
2021/10/15 15:22:46 Starting batch
2021/10/15 15:22:46 Processed 2000 rows, up to Uid: 5543237
2021/10/15 15:22:46 Msgs left to Sync: 107351
2021/10/15 15:22:46 Starting batch
2021/10/15 15:22:47 Processed 2000 rows, up to Uid: 5545237
2021/10/15 15:22:47 Msgs left to Sync: 105351
2021/10/15 15:22:47 Starting batch
2021/10/15 15:22:47 Processed 2000 rows, up to Uid: 5547237
2021/10/15 15:22:47 Msgs left to Sync: 103351
2021/10/15 15:22:47 Starting batch
2021/10/15 15:22:47 Processed 2000 rows, up to Uid: 5549237
2021/10/15 15:22:47 Msgs left to Sync: 101351
2021/10/15 15:22:47 Starting batch
2021/10/15 15:22:48 Processed 2000 rows, up to Uid: 5551237
2021/10/15 15:22:48 Msgs left to Sync: 99351
2021/10/15 15:22:48 Starting batch
2021/10/15 15:22:48 Processed 2000 rows, up to Uid: 5553237
2021/10/15 15:22:48 Msgs left to Sync: 97351
2021/10/15 15:22:48 Starting batch
2021/10/15 15:22:48 Processed 2000 rows, up to Uid: 5555237
2021/10/15 15:22:48 Msgs left to Sync: 95351
2021/10/15 15:22:48 Starting batch
2021/10/15 15:22:49 Processed 2000 rows, up to Uid: 5557237
2021/10/15 15:22:49 Msgs left to Sync: 93351
2021/10/15 15:22:49 Starting batch
2021/10/15 15:22:49 Processed 2000 rows, up to Uid: 5559237
2021/10/15 15:22:49 Msgs left to Sync: 91351
2021/10/15 15:22:49 Starting batch
2021/10/15 15:22:49 Processed 2000 rows, up to Uid: 5561237
2021/10/15 15:22:49 Msgs left to Sync: 89351
2021/10/15 15:22:49 Starting batch
2021/10/15 15:22:50 Processed 2000 rows, up to Uid: 5563237
2021/10/15 15:22:50 Msgs left to Sync: 87351
2021/10/15 15:22:50 Starting batch
2021/10/15 15:22:50 Processed 2000 rows, up to Uid: 5565237
2021/10/15 15:22:50 Msgs left to Sync: 85351
2021/10/15 15:22:50 Starting batch
2021/10/15 15:22:50 Processed 2000 rows, up to Uid: 5567237
2021/10/15 15:22:51 Msgs left to Sync: 83351
2021/10/15 15:22:51 Starting batch
2021/10/15 15:22:51 Processed 2000 rows, up to Uid: 5569237
2021/10/15 15:22:51 Msgs left to Sync: 81351
2021/10/15 15:22:51 Starting batch
2021/10/15 15:22:51 Processed 2000 rows, up to Uid: 5571237
2021/10/15 15:22:51 Msgs left to Sync: 79351
2021/10/15 15:22:51 Starting batch
2021/10/15 15:22:52 Processed 2000 rows, up to Uid: 5573237
2021/10/15 15:22:52 Msgs left to Sync: 77351
2021/10/15 15:22:52 Starting batch
2021/10/15 15:22:52 Processed 2000 rows, up to Uid: 5575237
2021/10/15 15:22:52 Msgs left to Sync: 75351
2021/10/15 15:22:52 Starting batch
2021/10/15 15:22:53 Processed 2000 rows, up to Uid: 5577237
2021/10/15 15:22:53 Msgs left to Sync: 73351
2021/10/15 15:22:53 Starting batch
2021/10/15 15:22:53 Processed 2000 rows, up to Uid: 5579237
2021/10/15 15:22:53 Msgs left to Sync: 71351
2021/10/15 15:22:53 Starting batch
2021/10/15 15:22:53 Processed 2000 rows, up to Uid: 5581237
2021/10/15 15:22:54 Msgs left to Sync: 69351
2021/10/15 15:22:54 Starting batch
2021/10/15 15:22:54 Processed 2000 rows, up to Uid: 5583237
2021/10/15 15:22:54 Msgs left to Sync: 67351
2021/10/15 15:22:54 Starting batch
2021/10/15 15:22:54 Processed 2000 rows, up to Uid: 5585237
2021/10/15 15:22:55 Msgs left to Sync: 65351
2021/10/15 15:22:55 Starting batch
2021/10/15 15:22:55 Processed 2000 rows, up to Uid: 5587237
2021/10/15 15:22:55 Msgs left to Sync: 63351
2021/10/15 15:22:55 Starting batch
2021/10/15 15:22:55 Processed 2000 rows, up to Uid: 5589237
2021/10/15 15:22:55 Msgs left to Sync: 61351
2021/10/15 15:22:55 Starting batch
2021/10/15 15:22:56 Processed 2000 rows, up to Uid: 5591237
2021/10/15 15:22:56 Msgs left to Sync: 59351
2021/10/15 15:22:56 Starting batch
2021/10/15 15:22:56 Processed 2000 rows, up to Uid: 5593237
2021/10/15 15:22:56 Msgs left to Sync: 57351
2021/10/15 15:22:56 Starting batch
2021/10/15 15:22:56 Processed 2000 rows, up to Uid: 5595237
2021/10/15 15:22:57 Msgs left to Sync: 55351
2021/10/15 15:22:57 Starting batch
2021/10/15 15:22:57 Processed 2000 rows, up to Uid: 5597237
2021/10/15 15:22:57 Msgs left to Sync: 53351
2021/10/15 15:22:57 Starting batch
2021/10/15 15:22:57 Processed 2000 rows, up to Uid: 5599237
2021/10/15 15:22:57 Msgs left to Sync: 51351
2021/10/15 15:22:57 Starting batch
2021/10/15 15:22:58 Processed 2000 rows, up to Uid: 5601237
2021/10/15 15:22:58 Msgs left to Sync: 49351
2021/10/15 15:22:58 Starting batch
2021/10/15 15:22:58 Processed 2000 rows, up to Uid: 5603237
2021/10/15 15:22:58 Msgs left to Sync: 47351
2021/10/15 15:22:58 Starting batch
2021/10/15 15:22:58 Processed 2000 rows, up to Uid: 5605237
2021/10/15 15:22:59 Msgs left to Sync: 45351
2021/10/15 15:22:59 Starting batch
2021/10/15 15:22:59 Processed 2000 rows, up to Uid: 5607237
2021/10/15 15:22:59 Msgs left to Sync: 43351
2021/10/15 15:22:59 Starting batch
2021/10/15 15:22:59 Processed 2000 rows, up to Uid: 5609237
2021/10/15 15:23:00 Msgs left to Sync: 41351
2021/10/15 15:23:00 Starting batch
2021/10/15 15:23:00 Processed 2000 rows, up to Uid: 5611237
2021/10/15 15:23:00 Msgs left to Sync: 39351
2021/10/15 15:23:00 Starting batch
2021/10/15 15:23:00 Processed 2000 rows, up to Uid: 5613237
2021/10/15 15:23:01 Msgs left to Sync: 37351
2021/10/15 15:23:01 Starting batch
2021/10/15 15:23:01 Processed 2000 rows, up to Uid: 5615237
2021/10/15 15:23:01 Msgs left to Sync: 35351
2021/10/15 15:23:01 Starting batch
2021/10/15 15:23:01 Processed 2000 rows, up to Uid: 5617237
2021/10/15 15:23:01 Msgs left to Sync: 33351
2021/10/15 15:23:01 Starting batch
2021/10/15 15:23:02 Processed 2000 rows, up to Uid: 5619237
2021/10/15 15:23:02 Msgs left to Sync: 31351
2021/10/15 15:23:02 Starting batch
2021/10/15 15:23:02 Processed 2000 rows, up to Uid: 5621237
2021/10/15 15:23:02 Msgs left to Sync: 29351
2021/10/15 15:23:02 Starting batch
2021/10/15 15:23:02 Processed 2000 rows, up to Uid: 5623237
2021/10/15 15:23:03 Msgs left to Sync: 27351
2021/10/15 15:23:03 Starting batch
2021/10/15 15:23:03 Processed 2000 rows, up to Uid: 5625237
2021/10/15 15:23:03 Msgs left to Sync: 25351
2021/10/15 15:23:03 Starting batch
2021/10/15 15:23:03 Processed 2000 rows, up to Uid: 5627237
2021/10/15 15:23:04 Msgs left to Sync: 23351
2021/10/15 15:23:04 Starting batch
2021/10/15 15:23:04 Processed 2000 rows, up to Uid: 5629237
2021/10/15 15:23:04 Msgs left to Sync: 21351
2021/10/15 15:23:04 Starting batch
2021/10/15 15:23:04 Processed 2000 rows, up to Uid: 5631237
2021/10/15 15:23:05 Msgs left to Sync: 19351
2021/10/15 15:23:05 Starting batch
2021/10/15 15:23:05 Processed 2000 rows, up to Uid: 5633237
2021/10/15 15:23:05 Msgs left to Sync: 17351
2021/10/15 15:23:05 Starting batch
2021/10/15 15:23:06 Processed 2000 rows, up to Uid: 5635237
2021/10/15 15:23:06 Msgs left to Sync: 15351
2021/10/15 15:23:06 Starting batch
2021/10/15 15:23:06 Processed 2000 rows, up to Uid: 5637237
2021/10/15 15:23:06 Msgs left to Sync: 13351
2021/10/15 15:23:06 Starting batch
2021/10/15 15:23:07 Processed 2000 rows, up to Uid: 5639237
2021/10/15 15:23:07 Msgs left to Sync: 11351
2021/10/15 15:23:07 Starting batch
2021/10/15 15:23:07 Processed 2000 rows, up to Uid: 5641237
2021/10/15 15:23:07 Msgs left to Sync: 9351
2021/10/15 15:23:07 Starting batch
2021/10/15 15:23:08 Processed 2000 rows, up to Uid: 5643237
2021/10/15 15:23:08 Msgs left to Sync: 7351
2021/10/15 15:23:08 Starting batch
2021/10/15 15:23:08 Processed 2000 rows, up to Uid: 5645237
2021/10/15 15:23:08 Msgs left to Sync: 5351
2021/10/15 15:23:08 Starting batch
2021/10/15 15:23:09 Processed 2000 rows, up to Uid: 5647237
2021/10/15 15:23:09 Msgs left to Sync: 3351
2021/10/15 15:23:09 Starting batch
2021/10/15 15:23:09 Processed 2000 rows, up to Uid: 5649237
2021/10/15 15:23:10 Msgs left to Sync: 1351
2021/10/15 15:23:10 Starting batch
2021/10/15 15:23:10 Processed 1351 rows, up to Uid: 5650588
2021/10/15 15:23:10 Msgs left to Sync: 0
